22-Aug-2019 10:39:27.040 信息 [main] org.apache.catalina.startup.VersionLoggerListener.log Server version:        Apache Tomcat/8.5.43
22-Aug-2019 10:39:27.043 信息 [main] org.apache.catalina.startup.VersionLoggerListener.log Server built:          Jul 4 2019 20:53:15 UTC
22-Aug-2019 10:39:27.043 信息 [main] org.apache.catalina.startup.VersionLoggerListener.log Server number:         8.5.43.0
22-Aug-2019 10:39:27.043 信息 [main] org.apache.catalina.startup.VersionLoggerListener.log OS Name:               Mac OS X
22-Aug-2019 10:39:27.043 信息 [main] org.apache.catalina.startup.VersionLoggerListener.log OS Version:            10.14.5
22-Aug-2019 10:39:27.043 信息 [main] org.apache.catalina.startup.VersionLoggerListener.log Architecture:          x86_64
22-Aug-2019 10:39:27.043 信息 [main] org.apache.catalina.startup.VersionLoggerListener.log Java Home:             /Library/Java/JavaVirtualMachines/jdk1.8.0_221.jdk/Contents/Home/jre
22-Aug-2019 10:39:27.043 信息 [main] org.apache.catalina.startup.VersionLoggerListener.log JVM Version:           1.8.0_221-b11
22-Aug-2019 10:39:27.043 信息 [main] org.apache.catalina.startup.VersionLoggerListener.log JVM Vendor:            Oracle Corporation
22-Aug-2019 10:39:27.044 信息 [main] org.apache.catalina.startup.VersionLoggerListener.log CATALINA_BASE:         /Users/zj/Documents/company_code/hub_code/book_code/ssm/apache-tomcat-8.5.43
22-Aug-2019 10:39:27.044 信息 [main] org.apache.catalina.startup.VersionLoggerListener.log CATALINA_HOME:         /Users/zj/Documents/company_code/hub_code/book_code/ssm/apache-tomcat-8.5.43
22-Aug-2019 10:39:27.044 信息 [main] org.apache.catalina.startup.VersionLoggerListener.log Command line argument: -Djava.util.logging.config.file=/Users/zj/Documents/company_code/hub_code/book_code/ssm/apache-tomcat-8.5.43/conf/logging.properties
22-Aug-2019 10:39:27.044 信息 [main] org.apache.catalina.startup.VersionLoggerListener.log Command line argument: -Djava.util.logging.manager=org.apache.juli.ClassLoaderLogManager
22-Aug-2019 10:39:27.044 信息 [main] org.apache.catalina.startup.VersionLoggerListener.log Command line argument: -Djdk.tls.ephemeralDHKeySize=2048
22-Aug-2019 10:39:27.044 信息 [main] org.apache.catalina.startup.VersionLoggerListener.log Command line argument: -Djava.protocol.handler.pkgs=org.apache.catalina.webresources
22-Aug-2019 10:39:27.045 信息 [main] org.apache.catalina.startup.VersionLoggerListener.log Command line argument: -Dorg.apache.catalina.security.SecurityListener.UMASK=0027
22-Aug-2019 10:39:27.045 信息 [main] org.apache.catalina.startup.VersionLoggerListener.log Command line argument: -Dignore.endorsed.dirs=
22-Aug-2019 10:39:27.045 信息 [main] org.apache.catalina.startup.VersionLoggerListener.log Command line argument: -Dcatalina.base=/Users/zj/Documents/company_code/hub_code/book_code/ssm/apache-tomcat-8.5.43
22-Aug-2019 10:39:27.045 信息 [main] org.apache.catalina.startup.VersionLoggerListener.log Command line argument: -Dcatalina.home=/Users/zj/Documents/company_code/hub_code/book_code/ssm/apache-tomcat-8.5.43
22-Aug-2019 10:39:27.045 信息 [main] org.apache.catalina.startup.VersionLoggerListener.log Command line argument: -Djava.io.tmpdir=/Users/zj/Documents/company_code/hub_code/book_code/ssm/apache-tomcat-8.5.43/temp
22-Aug-2019 10:39:27.045 信息 [main] org.apache.catalina.core.AprLifecycleListener.lifecycleEvent The APR based Apache Tomcat Native library which allows optimal performance in production environments was not found on the java.library.path: [/Users/zj/Library/Java/Extensions:/Library/Java/Extensions:/Network/Library/Java/Extensions:/System/Library/Java/Extensions:/usr/lib/java:.]
22-Aug-2019 10:39:27.125 信息 [main] org.apache.coyote.AbstractProtocol.init Initializing ProtocolHandler ["http-nio-8080"]
22-Aug-2019 10:39:27.138 信息 [main] org.apache.tomcat.util.net.NioSelectorPool.getSharedSelector Using a shared selector for servlet write/read
22-Aug-2019 10:39:27.146 信息 [main] org.apache.coyote.AbstractProtocol.init Initializing ProtocolHandler ["ajp-nio-8009"]
22-Aug-2019 10:39:27.148 信息 [main] org.apache.tomcat.util.net.NioSelectorPool.getSharedSelector Using a shared selector for servlet write/read
22-Aug-2019 10:39:27.148 信息 [main] org.apache.catalina.startup.Catalina.load Initialization processed in 369 ms
22-Aug-2019 10:39:27.169 信息 [main] org.apache.catalina.core.StandardService.startInternal Starting service [Catalina]
22-Aug-2019 10:39:27.169 信息 [main] org.apache.catalina.core.StandardEngine.startInternal Starting Servlet Engine: Apache Tomcat/8.5.43
22-Aug-2019 10:39:27.175 信息 [localhost-startStop-1] org.apache.catalina.startup.HostConfig.deployDirectory Deploying web application directory [/Users/zj/Documents/company_code/hub_code/book_code/ssm/apache-tomcat-8.5.43/webapps/docs]
22-Aug-2019 10:39:27.354 信息 [localhost-startStop-1] org.apache.catalina.startup.HostConfig.deployDirectory Deployment of web application directory [/Users/zj/Documents/company_code/hub_code/book_code/ssm/apache-tomcat-8.5.43/webapps/docs] has finished in [179] ms
22-Aug-2019 10:39:27.354 信息 [localhost-startStop-1] org.apache.catalina.startup.HostConfig.deployDirectory Deploying web application directory [/Users/zj/Documents/company_code/hub_code/book_code/ssm/apache-tomcat-8.5.43/webapps/manager]
22-Aug-2019 10:39:27.375 信息 [localhost-startStop-1] org.apache.catalina.startup.HostConfig.deployDirectory Deployment of web application directory [/Users/zj/Documents/company_code/hub_code/book_code/ssm/apache-tomcat-8.5.43/webapps/manager] has finished in [21] ms
22-Aug-2019 10:39:27.375 信息 [localhost-startStop-1] org.apache.catalina.startup.HostConfig.deployDirectory Deploying web application directory [/Users/zj/Documents/company_code/hub_code/book_code/ssm/apache-tomcat-8.5.43/webapps/examples]
22-Aug-2019 10:39:27.581 信息 [localhost-startStop-1] org.apache.catalina.startup.HostConfig.deployDirectory Deployment of web application directory [/Users/zj/Documents/company_code/hub_code/book_code/ssm/apache-tomcat-8.5.43/webapps/examples] has finished in [206] ms
22-Aug-2019 10:39:27.582 信息 [localhost-startStop-1] org.apache.catalina.startup.HostConfig.deployDirectory Deploying web application directory [/Users/zj/Documents/company_code/hub_code/book_code/ssm/apache-tomcat-8.5.43/webapps/ROOT]
22-Aug-2019 10:39:27.592 信息 [localhost-startStop-1] org.apache.catalina.startup.HostConfig.deployDirectory Deployment of web application directory [/Users/zj/Documents/company_code/hub_code/book_code/ssm/apache-tomcat-8.5.43/webapps/ROOT] has finished in [10] ms
22-Aug-2019 10:39:27.592 信息 [localhost-startStop-1] org.apache.catalina.startup.HostConfig.deployDirectory Deploying web application directory [/Users/zj/Documents/company_code/hub_code/book_code/ssm/apache-tomcat-8.5.43/webapps/host-manager]
22-Aug-2019 10:39:27.607 信息 [localhost-startStop-1] org.apache.catalina.startup.HostConfig.deployDirectory Deployment of web application directory [/Users/zj/Documents/company_code/hub_code/book_code/ssm/apache-tomcat-8.5.43/webapps/host-manager] has finished in [15] ms
22-Aug-2019 10:39:27.609 信息 [main] org.apache.coyote.AbstractProtocol.start Starting ProtocolHandler ["http-nio-8080"]
22-Aug-2019 10:39:27.615 信息 [main] org.apache.coyote.AbstractProtocol.start Starting ProtocolHandler ["ajp-nio-8009"]
22-Aug-2019 10:39:27.616 信息 [main] org.apache.catalina.startup.Catalina.start Server startup in 468 ms
22-Aug-2019 16:32:59.668 信息 [main] org.apache.catalina.startup.VersionLoggerListener.log Server version:        Apache Tomcat/8.5.43
22-Aug-2019 16:32:59.672 信息 [main] org.apache.catalina.startup.VersionLoggerListener.log Server built:          Jul 4 2019 20:53:15 UTC
22-Aug-2019 16:32:59.672 信息 [main] org.apache.catalina.startup.VersionLoggerListener.log Server number:         8.5.43.0
22-Aug-2019 16:32:59.672 信息 [main] org.apache.catalina.startup.VersionLoggerListener.log OS Name:               Mac OS X
22-Aug-2019 16:32:59.672 信息 [main] org.apache.catalina.startup.VersionLoggerListener.log OS Version:            10.14.5
22-Aug-2019 16:32:59.672 信息 [main] org.apache.catalina.startup.VersionLoggerListener.log Architecture:          x86_64
22-Aug-2019 16:32:59.672 信息 [main] org.apache.catalina.startup.VersionLoggerListener.log Java Home:             /Library/Java/JavaVirtualMachines/jdk1.8.0_221.jdk/Contents/Home/jre
22-Aug-2019 16:32:59.672 信息 [main] org.apache.catalina.startup.VersionLoggerListener.log JVM Version:           1.8.0_221-b11
22-Aug-2019 16:32:59.672 信息 [main] org.apache.catalina.startup.VersionLoggerListener.log JVM Vendor:            Oracle Corporation
22-Aug-2019 16:32:59.672 信息 [main] org.apache.catalina.startup.VersionLoggerListener.log CATALINA_BASE:         /Users/zj/Documents/company_code/hub_code/book_code/ssm/apache-tomcat-8.5.43
22-Aug-2019 16:32:59.672 信息 [main] org.apache.catalina.startup.VersionLoggerListener.log CATALINA_HOME:         /Users/zj/Documents/company_code/hub_code/book_code/ssm/apache-tomcat-8.5.43
22-Aug-2019 16:32:59.673 信息 [main] org.apache.catalina.startup.VersionLoggerListener.log Command line argument: -Djava.util.logging.config.file=/Users/zj/Documents/company_code/hub_code/book_code/ssm/apache-tomcat-8.5.43/conf/logging.properties
22-Aug-2019 16:32:59.673 信息 [main] org.apache.catalina.startup.VersionLoggerListener.log Command line argument: -Djava.util.logging.manager=org.apache.juli.ClassLoaderLogManager
22-Aug-2019 16:32:59.673 信息 [main] org.apache.catalina.startup.VersionLoggerListener.log Command line argument: -Djdk.tls.ephemeralDHKeySize=2048
22-Aug-2019 16:32:59.673 信息 [main] org.apache.catalina.startup.VersionLoggerListener.log Command line argument: -Djava.protocol.handler.pkgs=org.apache.catalina.webresources
22-Aug-2019 16:32:59.673 信息 [main] org.apache.catalina.startup.VersionLoggerListener.log Command line argument: -Dorg.apache.catalina.security.SecurityListener.UMASK=0027
22-Aug-2019 16:32:59.673 信息 [main] org.apache.catalina.startup.VersionLoggerListener.log Command line argument: -Dignore.endorsed.dirs=
22-Aug-2019 16:32:59.673 信息 [main] org.apache.catalina.startup.VersionLoggerListener.log Command line argument: -Dcatalina.base=/Users/zj/Documents/company_code/hub_code/book_code/ssm/apache-tomcat-8.5.43
22-Aug-2019 16:32:59.673 信息 [main] org.apache.catalina.startup.VersionLoggerListener.log Command line argument: -Dcatalina.home=/Users/zj/Documents/company_code/hub_code/book_code/ssm/apache-tomcat-8.5.43
22-Aug-2019 16:32:59.674 信息 [main] org.apache.catalina.startup.VersionLoggerListener.log Command line argument: -Djava.io.tmpdir=/Users/zj/Documents/company_code/hub_code/book_code/ssm/apache-tomcat-8.5.43/temp
22-Aug-2019 16:32:59.674 信息 [main] org.apache.catalina.core.AprLifecycleListener.lifecycleEvent The APR based Apache Tomcat Native library which allows optimal performance in production environments was not found on the java.library.path: [/Users/zj/Library/Java/Extensions:/Library/Java/Extensions:/Network/Library/Java/Extensions:/System/Library/Java/Extensions:/usr/lib/java:.]
22-Aug-2019 16:32:59.769 信息 [main] org.apache.coyote.AbstractProtocol.init Initializing ProtocolHandler ["http-nio-8080"]
22-Aug-2019 16:32:59.784 信息 [main] org.apache.tomcat.util.net.NioSelectorPool.getSharedSelector Using a shared selector for servlet write/read
22-Aug-2019 16:32:59.793 信息 [main] org.apache.coyote.AbstractProtocol.init Initializing ProtocolHandler ["ajp-nio-8009"]
22-Aug-2019 16:32:59.794 信息 [main] org.apache.tomcat.util.net.NioSelectorPool.getSharedSelector Using a shared selector for servlet write/read
22-Aug-2019 16:32:59.794 信息 [main] org.apache.catalina.startup.Catalina.load Initialization processed in 429 ms
22-Aug-2019 16:32:59.820 信息 [main] org.apache.catalina.core.StandardService.startInternal Starting service [Catalina]
22-Aug-2019 16:32:59.821 信息 [main] org.apache.catalina.core.StandardEngine.startInternal Starting Servlet Engine: Apache Tomcat/8.5.43
22-Aug-2019 16:32:59.836 信息 [localhost-startStop-1] org.apache.catalina.startup.HostConfig.deployWAR Deploying web application archive [/Users/zj/Documents/company_code/hub_code/book_code/ssm/apache-tomcat-8.5.43/webapps/unnamed.war]
22-Aug-2019 16:33:00.559 严重 [localhost-startStop-1] org.apache.catalina.core.ContainerBase.addChildInternal ContainerBase.addChild: start: 
	org.apache.catalina.LifecycleException: Failed to start component [StandardEngine[Catalina].StandardHost[localhost].StandardContext[/unnamed]]
		at org.apache.catalina.util.LifecycleBase.start(LifecycleBase.java:167)
		at org.apache.catalina.core.ContainerBase.addChildInternal(ContainerBase.java:743)
		at org.apache.catalina.core.ContainerBase.addChild(ContainerBase.java:719)
		at org.apache.catalina.core.StandardHost.addChild(StandardHost.java:714)
		at org.apache.catalina.startup.HostConfig.deployWAR(HostConfig.java:970)
		at org.apache.catalina.startup.HostConfig$DeployWar.run(HostConfig.java:1841)
		at java.util.concurrent.Executors$RunnableAdapter.call(Executors.java:511)
		at java.util.concurrent.FutureTask.run(FutureTask.java:266)
		at java.util.concurrent.ThreadPoolExecutor.runWorker(ThreadPoolExecutor.java:1149)
		at java.util.concurrent.ThreadPoolExecutor$Worker.run(ThreadPoolExecutor.java:624)
		at java.lang.Thread.run(Thread.java:748)
	Caused by: java.lang.IllegalArgumentException: More than one fragment with the name [spring_web] was found. This is not legal with relative ordering. See section 8.2.2 2c of the Servlet specification for details. Consider using absolute ordering.
		at org.apache.tomcat.util.descriptor.web.WebXml.orderWebFragments(WebXml.java:2200)
		at org.apache.tomcat.util.descriptor.web.WebXml.orderWebFragments(WebXml.java:2159)
		at org.apache.catalina.startup.ContextConfig.webConfig(ContextConfig.java:1124)
		at org.apache.catalina.startup.ContextConfig.configureStart(ContextConfig.java:769)
		at org.apache.catalina.startup.ContextConfig.lifecycleEvent(ContextConfig.java:299)
		at org.apache.catalina.util.LifecycleBase.fireLifecycleEvent(LifecycleBase.java:94)
		at org.apache.catalina.core.StandardContext.startInternal(StandardContext.java:5063)
		at org.apache.catalina.util.LifecycleBase.start(LifecycleBase.java:150)
		... 10 more
22-Aug-2019 16:33:00.560 严重 [localhost-startStop-1] org.apache.catalina.startup.HostConfig.deployWAR Error deploying web application archive [/Users/zj/Documents/company_code/hub_code/book_code/ssm/apache-tomcat-8.5.43/webapps/unnamed.war]
	java.lang.IllegalStateException: ContainerBase.addChild: start: org.apache.catalina.LifecycleException: Failed to start component [StandardEngine[Catalina].StandardHost[localhost].StandardContext[/unnamed]]
		at org.apache.catalina.core.ContainerBase.addChildInternal(ContainerBase.java:747)
		at org.apache.catalina.core.ContainerBase.addChild(ContainerBase.java:719)
		at org.apache.catalina.core.StandardHost.addChild(StandardHost.java:714)
		at org.apache.catalina.startup.HostConfig.deployWAR(HostConfig.java:970)
		at org.apache.catalina.startup.HostConfig$DeployWar.run(HostConfig.java:1841)
		at java.util.concurrent.Executors$RunnableAdapter.call(Executors.java:511)
		at java.util.concurrent.FutureTask.run(FutureTask.java:266)
		at java.util.concurrent.ThreadPoolExecutor.runWorker(ThreadPoolExecutor.java:1149)
		at java.util.concurrent.ThreadPoolExecutor$Worker.run(ThreadPoolExecutor.java:624)
		at java.lang.Thread.run(Thread.java:748)
22-Aug-2019 16:33:00.561 信息 [localhost-startStop-1] org.apache.catalina.startup.HostConfig.deployWAR Deployment of web application archive [/Users/zj/Documents/company_code/hub_code/book_code/ssm/apache-tomcat-8.5.43/webapps/unnamed.war] has finished in [724] ms
22-Aug-2019 16:33:00.561 信息 [localhost-startStop-1] org.apache.catalina.startup.HostConfig.deployDirectory Deploying web application directory [/Users/zj/Documents/company_code/hub_code/book_code/ssm/apache-tomcat-8.5.43/webapps/docs]
22-Aug-2019 16:33:00.659 信息 [localhost-startStop-1] org.apache.catalina.startup.HostConfig.deployDirectory Deployment of web application directory [/Users/zj/Documents/company_code/hub_code/book_code/ssm/apache-tomcat-8.5.43/webapps/docs] has finished in [98] ms
22-Aug-2019 16:33:00.659 信息 [localhost-startStop-1] org.apache.catalina.startup.HostConfig.deployDirectory Deploying web application directory [/Users/zj/Documents/company_code/hub_code/book_code/ssm/apache-tomcat-8.5.43/webapps/manager]
22-Aug-2019 16:33:00.684 信息 [localhost-startStop-1] org.apache.catalina.startup.HostConfig.deployDirectory Deployment of web application directory [/Users/zj/Documents/company_code/hub_code/book_code/ssm/apache-tomcat-8.5.43/webapps/manager] has finished in [25] ms
22-Aug-2019 16:33:00.684 信息 [localhost-startStop-1] org.apache.catalina.startup.HostConfig.deployDirectory Deploying web application directory [/Users/zj/Documents/company_code/hub_code/book_code/ssm/apache-tomcat-8.5.43/webapps/examples]
22-Aug-2019 16:33:00.904 信息 [localhost-startStop-1] org.apache.catalina.startup.HostConfig.deployDirectory Deployment of web application directory [/Users/zj/Documents/company_code/hub_code/book_code/ssm/apache-tomcat-8.5.43/webapps/examples] has finished in [219] ms
22-Aug-2019 16:33:00.904 信息 [localhost-startStop-1] org.apache.catalina.startup.HostConfig.deployDirectory Deploying web application directory [/Users/zj/Documents/company_code/hub_code/book_code/ssm/apache-tomcat-8.5.43/webapps/ROOT]
22-Aug-2019 16:33:00.913 信息 [localhost-startStop-1] org.apache.catalina.startup.HostConfig.deployDirectory Deployment of web application directory [/Users/zj/Documents/company_code/hub_code/book_code/ssm/apache-tomcat-8.5.43/webapps/ROOT] has finished in [9] ms
22-Aug-2019 16:33:00.913 信息 [localhost-startStop-1] org.apache.catalina.startup.HostConfig.deployDirectory Deploying web application directory [/Users/zj/Documents/company_code/hub_code/book_code/ssm/apache-tomcat-8.5.43/webapps/host-manager]
22-Aug-2019 16:33:00.925 信息 [localhost-startStop-1] org.apache.catalina.startup.HostConfig.deployDirectory Deployment of web application directory [/Users/zj/Documents/company_code/hub_code/book_code/ssm/apache-tomcat-8.5.43/webapps/host-manager] has finished in [12] ms
22-Aug-2019 16:33:00.928 信息 [main] org.apache.coyote.AbstractProtocol.start Starting ProtocolHandler ["http-nio-8080"]
22-Aug-2019 16:33:00.934 信息 [main] org.apache.coyote.AbstractProtocol.start Starting ProtocolHandler ["ajp-nio-8009"]
22-Aug-2019 16:33:00.936 信息 [main] org.apache.catalina.startup.Catalina.start Server startup in 1141 ms
22-Aug-2019 16:39:39.303 警告 [main] org.apache.catalina.core.StandardServer.await StandardServer.await: Invalid command '' received
