23-Aug-2019 10:08:07.432 信息 [main] org.apache.catalina.startup.VersionLoggerListener.log Server.服务器版本:        Apache Tomcat/9.0.24
23-Aug-2019 10:08:07.435 信息 [main] org.apache.catalina.startup.VersionLoggerListener.log Server.构建:          Aug 14 2019 21:16:42 UTC
23-Aug-2019 10:08:07.435 信息 [main] org.apache.catalina.startup.VersionLoggerListener.log Server version number: 9.0.24.0
23-Aug-2019 10:08:07.435 信息 [main] org.apache.catalina.startup.VersionLoggerListener.log OS Name:               Mac OS X
23-Aug-2019 10:08:07.435 信息 [main] org.apache.catalina.startup.VersionLoggerListener.log OS.版本:            10.14.5
23-Aug-2019 10:08:07.435 信息 [main] org.apache.catalina.startup.VersionLoggerListener.log 结.造:          x86_64
23-Aug-2019 10:08:07.435 信息 [main] org.apache.catalina.startup.VersionLoggerListener.log Java 环境变量:             /Library/Java/JavaVirtualMachines/jdk1.8.0_221.jdk/Contents/Home/jre
23-Aug-2019 10:08:07.436 信息 [main] org.apache.catalina.startup.VersionLoggerListener.log JVM 版本:           1.8.0_221-b11
23-Aug-2019 10:08:07.436 信息 [main] org.apache.catalina.startup.VersionLoggerListener.log JVM.供应商:            Oracle Corporation
23-Aug-2019 10:08:07.436 信息 [main] org.apache.catalina.startup.VersionLoggerListener.log CATALINA_BASE:         /Users/zj/Documents/company_code/hub_code/book_code/ssm/apache-tomcat-9.0.24
23-Aug-2019 10:08:07.436 信息 [main] org.apache.catalina.startup.VersionLoggerListener.log CATALINA_HOME:         /Users/zj/Documents/company_code/hub_code/book_code/ssm/apache-tomcat-9.0.24
23-Aug-2019 10:08:07.440 信息 [main] org.apache.catalina.startup.VersionLoggerListener.log Command line argument: -Djava.util.logging.config.file=/Users/zj/Documents/company_code/hub_code/book_code/ssm/apache-tomcat-9.0.24/conf/logging.properties
23-Aug-2019 10:08:07.440 信息 [main] org.apache.catalina.startup.VersionLoggerListener.log Command line argument: -Djava.util.logging.manager=org.apache.juli.ClassLoaderLogManager
23-Aug-2019 10:08:07.440 信息 [main] org.apache.catalina.startup.VersionLoggerListener.log Command line argument: -Djdk.tls.ephemeralDHKeySize=2048
23-Aug-2019 10:08:07.440 信息 [main] org.apache.catalina.startup.VersionLoggerListener.log Command line argument: -Djava.protocol.handler.pkgs=org.apache.catalina.webresources
23-Aug-2019 10:08:07.440 信息 [main] org.apache.catalina.startup.VersionLoggerListener.log Command line argument: -Dorg.apache.catalina.security.SecurityListener.UMASK=0027
23-Aug-2019 10:08:07.440 信息 [main] org.apache.catalina.startup.VersionLoggerListener.log Command line argument: -Dignore.endorsed.dirs=
23-Aug-2019 10:08:07.440 信息 [main] org.apache.catalina.startup.VersionLoggerListener.log Command line argument: -Dcatalina.base=/Users/zj/Documents/company_code/hub_code/book_code/ssm/apache-tomcat-9.0.24
23-Aug-2019 10:08:07.440 信息 [main] org.apache.catalina.startup.VersionLoggerListener.log Command line argument: -Dcatalina.home=/Users/zj/Documents/company_code/hub_code/book_code/ssm/apache-tomcat-9.0.24
23-Aug-2019 10:08:07.441 信息 [main] org.apache.catalina.startup.VersionLoggerListener.log Command line argument: -Djava.io.tmpdir=/Users/zj/Documents/company_code/hub_code/book_code/ssm/apache-tomcat-9.0.24/temp
23-Aug-2019 10:08:07.441 信息 [main] org.apache.catalina.core.AprLifecycleListener.lifecycleEvent The APR based Apache Tomcat Native library which allows optimal performance in production environments was not found on the java.library.path: [/Users/zj/Library/Java/Extensions:/Library/Java/Extensions:/Network/Library/Java/Extensions:/System/Library/Java/Extensions:/usr/lib/java:.]
23-Aug-2019 10:08:07.658 信息 [main] org.apache.coyote.AbstractProtocol.init 初始化协议处理器 ["http-nio-8080"]
23-Aug-2019 10:08:07.678 信息 [main] org.apache.coyote.AbstractProtocol.init 初始化协议处理器 ["ajp-nio-8009"]
23-Aug-2019 10:08:07.682 信息 [main] org.apache.catalina.startup.Catalina.load 服务器在[389]毫秒内初始化
23-Aug-2019 10:08:07.700 信息 [main] org.apache.catalina.core.StandardService.startInternal Starting service [Catalina]
23-Aug-2019 10:08:07.700 信息 [main] org.apache.catalina.core.StandardEngine.startInternal Starting Servlet engine: [Apache Tomcat/9.0.24]
23-Aug-2019 10:08:07.712 信息 [main] org.apache.catalina.startup.HostConfig.deployWAR Deploying web application archive [/Users/zj/Documents/company_code/hub_code/book_code/ssm/apache-tomcat-9.0.24/webapps/unnamed.war]
23-Aug-2019 10:08:07.879 信息 [main] org.apache.catalina.startup.HostConfig.deployWAR Deployment of web application archive [/Users/zj/Documents/company_code/hub_code/book_code/ssm/apache-tomcat-9.0.24/webapps/unnamed.war] has finished in [167] ms
23-Aug-2019 10:08:07.880 信息 [main] org.apache.catalina.startup.HostConfig.deployDirectory 把web 应用程序部署到目录 [/Users/zj/Documents/company_code/hub_code/book_code/ssm/apache-tomcat-9.0.24/webapps/docs]
23-Aug-2019 10:08:07.891 信息 [main] org.apache.catalina.startup.HostConfig.deployDirectory Deployment of web application directory [/Users/zj/Documents/company_code/hub_code/book_code/ssm/apache-tomcat-9.0.24/webapps/docs] has finished in [11] ms
23-Aug-2019 10:08:07.892 信息 [main] org.apache.catalina.startup.HostConfig.deployDirectory 把web 应用程序部署到目录 [/Users/zj/Documents/company_code/hub_code/book_code/ssm/apache-tomcat-9.0.24/webapps/manager]
23-Aug-2019 10:08:07.911 信息 [main] org.apache.catalina.startup.HostConfig.deployDirectory Deployment of web application directory [/Users/zj/Documents/company_code/hub_code/book_code/ssm/apache-tomcat-9.0.24/webapps/manager] has finished in [19] ms
23-Aug-2019 10:08:07.911 信息 [main] org.apache.catalina.startup.HostConfig.deployDirectory 把web 应用程序部署到目录 [/Users/zj/Documents/company_code/hub_code/book_code/ssm/apache-tomcat-9.0.24/webapps/examples]
23-Aug-2019 10:08:08.072 信息 [main] org.apache.catalina.startup.HostConfig.deployDirectory Deployment of web application directory [/Users/zj/Documents/company_code/hub_code/book_code/ssm/apache-tomcat-9.0.24/webapps/examples] has finished in [160] ms
23-Aug-2019 10:08:08.072 信息 [main] org.apache.catalina.startup.HostConfig.deployDirectory 把web 应用程序部署到目录 [/Users/zj/Documents/company_code/hub_code/book_code/ssm/apache-tomcat-9.0.24/webapps/ROOT]
23-Aug-2019 10:08:08.138 严重 [main] org.apache.catalina.startup.HostConfig.deployDirectory Error deploying web application directory [/Users/zj/Documents/company_code/hub_code/book_code/ssm/apache-tomcat-9.0.24/webapps/ROOT]
	java.lang.IllegalStateException: Error starting child
		at org.apache.catalina.core.ContainerBase.addChildInternal(ContainerBase.java:720)
		at org.apache.catalina.core.ContainerBase.addChild(ContainerBase.java:690)
		at org.apache.catalina.core.StandardHost.addChild(StandardHost.java:705)
		at org.apache.catalina.startup.HostConfig.deployDirectory(HostConfig.java:1133)
		at org.apache.catalina.startup.HostConfig$DeployDirectory.run(HostConfig.java:1867)
		at java.util.concurrent.Executors$RunnableAdapter.call(Executors.java:511)
		at java.util.concurrent.FutureTask.run(FutureTask.java:266)
		at org.apache.tomcat.util.threads.InlineExecutorService.execute(InlineExecutorService.java:75)
		at java.util.concurrent.AbstractExecutorService.submit(AbstractExecutorService.java:112)
		at org.apache.catalina.startup.HostConfig.deployDirectories(HostConfig.java:1045)
		at org.apache.catalina.startup.HostConfig.deployApps(HostConfig.java:429)
		at org.apache.catalina.startup.HostConfig.start(HostConfig.java:1576)
		at org.apache.catalina.startup.HostConfig.lifecycleEvent(HostConfig.java:309)
		at org.apache.catalina.util.LifecycleBase.fireLifecycleEvent(LifecycleBase.java:123)
		at org.apache.catalina.util.LifecycleBase.setStateInternal(LifecycleBase.java:423)
		at org.apache.catalina.util.LifecycleBase.setState(LifecycleBase.java:366)
		at org.apache.catalina.core.ContainerBase.startInternal(ContainerBase.java:936)
		at org.apache.catalina.core.StandardHost.startInternal(StandardHost.java:841)
		at org.apache.catalina.util.LifecycleBase.start(LifecycleBase.java:183)
		at org.apache.catalina.core.ContainerBase$StartChild.call(ContainerBase.java:1384)
		at org.apache.catalina.core.ContainerBase$StartChild.call(ContainerBase.java:1374)
		at java.util.concurrent.FutureTask.run(FutureTask.java:266)
		at org.apache.tomcat.util.threads.InlineExecutorService.execute(InlineExecutorService.java:75)
		at java.util.concurrent.AbstractExecutorService.submit(AbstractExecutorService.java:134)
		at org.apache.catalina.core.ContainerBase.startInternal(ContainerBase.java:909)
		at org.apache.catalina.core.StandardEngine.startInternal(StandardEngine.java:262)
		at org.apache.catalina.util.LifecycleBase.start(LifecycleBase.java:183)
		at org.apache.catalina.core.StandardService.startInternal(StandardService.java:421)
		at org.apache.catalina.util.LifecycleBase.start(LifecycleBase.java:183)
		at org.apache.catalina.core.StandardServer.startInternal(StandardServer.java:932)
		at org.apache.catalina.util.LifecycleBase.start(LifecycleBase.java:183)
		at org.apache.catalina.startup.Catalina.start(Catalina.java:633)
		at sun.reflect.NativeMethodAccessorImpl.invoke0(Native Method)
		at sun.reflect.NativeMethodAccessorImpl.invoke(NativeMethodAccessorImpl.java:62)
		at sun.reflect.DelegatingMethodAccessorImpl.invoke(DelegatingMethodAccessorImpl.java:43)
		at java.lang.reflect.Method.invoke(Method.java:498)
		at org.apache.catalina.startup.Bootstrap.start(Bootstrap.java:344)
		at org.apache.catalina.startup.Bootstrap.main(Bootstrap.java:475)
	Caused by: org.apache.catalina.LifecycleException: Failed to start component [StandardEngine[Catalina].StandardHost[localhost].StandardContext[]]
		at org.apache.catalina.util.LifecycleBase.handleSubClassException(LifecycleBase.java:440)
		at org.apache.catalina.util.LifecycleBase.start(LifecycleBase.java:198)
		at org.apache.catalina.core.ContainerBase.addChildInternal(ContainerBase.java:717)
		... 37 more
	Caused by: java.lang.IllegalArgumentException: More than one fragment with the name [spring_web] was found. This is not legal with relative ordering. See section 8.2.2 2c of the Servlet specification for details. Consider using absolute ordering.
		at org.apache.tomcat.util.descriptor.web.WebXml.orderWebFragments(WebXml.java:2257)
		at org.apache.tomcat.util.descriptor.web.WebXml.orderWebFragments(WebXml.java:2215)
		at org.apache.catalina.startup.ContextConfig.webConfig(ContextConfig.java:1134)
		at org.apache.catalina.startup.ContextConfig.configureStart(ContextConfig.java:775)
		at org.apache.catalina.startup.ContextConfig.lifecycleEvent(ContextConfig.java:301)
		at org.apache.catalina.util.LifecycleBase.fireLifecycleEvent(LifecycleBase.java:123)
		at org.apache.catalina.core.StandardContext.startInternal(StandardContext.java:5051)
		at org.apache.catalina.util.LifecycleBase.start(LifecycleBase.java:183)
		... 38 more
23-Aug-2019 10:08:08.139 信息 [main] org.apache.catalina.startup.HostConfig.deployDirectory Deployment of web application directory [/Users/zj/Documents/company_code/hub_code/book_code/ssm/apache-tomcat-9.0.24/webapps/ROOT] has finished in [67] ms
23-Aug-2019 10:08:08.139 信息 [main] org.apache.catalina.startup.HostConfig.deployDirectory 把web 应用程序部署到目录 [/Users/zj/Documents/company_code/hub_code/book_code/ssm/apache-tomcat-9.0.24/webapps/host-manager]
23-Aug-2019 10:08:08.150 信息 [main] org.apache.catalina.startup.HostConfig.deployDirectory Deployment of web application directory [/Users/zj/Documents/company_code/hub_code/book_code/ssm/apache-tomcat-9.0.24/webapps/host-manager] has finished in [11] ms
23-Aug-2019 10:08:08.152 信息 [main] org.apache.coyote.AbstractProtocol.start 开始协议处理句柄["http-nio-8080"]
23-Aug-2019 10:08:08.157 信息 [main] org.apache.coyote.AbstractProtocol.start 开始协议处理句柄["ajp-nio-8009"]
23-Aug-2019 10:08:08.159 信息 [main] org.apache.catalina.startup.Catalina.start Server startup in [476] milliseconds
23-Aug-2019 10:12:14.597 警告 [main] org.apache.catalina.core.StandardServer.await Invalid shutdown command [] received
23-Aug-2019 10:12:24.598 信息 [main] org.apache.catalina.core.StandardServer.await A valid shutdown command was received via the shutdown port. Stopping the Server instance.
23-Aug-2019 10:12:24.599 信息 [main] org.apache.coyote.AbstractProtocol.pause Pausing ProtocolHandler ["http-nio-8080"]
23-Aug-2019 10:12:24.608 信息 [main] org.apache.coyote.AbstractProtocol.pause Pausing ProtocolHandler ["ajp-nio-8009"]
23-Aug-2019 10:12:24.614 信息 [main] org.apache.catalina.core.StandardService.stopInternal Stopping service [Catalina]
23-Aug-2019 10:12:24.631 信息 [main] org.apache.coyote.AbstractProtocol.stop Stopping ProtocolHandler ["http-nio-8080"]
23-Aug-2019 10:12:24.633 信息 [main] org.apache.coyote.AbstractProtocol.stop Stopping ProtocolHandler ["ajp-nio-8009"]
23-Aug-2019 10:12:24.633 信息 [main] org.apache.coyote.AbstractProtocol.destroy 正在摧毁协议处理器 ["http-nio-8080"]
23-Aug-2019 10:12:24.634 信息 [main] org.apache.coyote.AbstractProtocol.destroy 正在摧毁协议处理器 ["ajp-nio-8009"]
